<?xml version='1.0' encoding='UTF-8'?>
<testsuite hostname="Elijahs-MBP.fios-router.home" name="edu.washington.rippeth.ling570.proj1.EnglishTokenizerTests" tests="20" errors="0" failures="0" skipped="0" time="0.053">
                     <properties>
[...]
</properties>
                     <testcase classname="edu.washington.rippeth.ling570.proj1.EnglishTokenizerTests" name="An EnglishTokenizer should respect abbreviations when the set of abbreviations is non-empty" time="0.03">
                                                 
                                               </testcase><testcase classname="edu.washington.rippeth.ling570.proj1.EnglishTokenizerTests" name="An EnglishTokenizer should respect abbreviations when they are followed by a comma" time="0.002">
                                                 
                                               </testcase><testcase classname="edu.washington.rippeth.ling570.proj1.EnglishTokenizerTests" name="An EnglishTokenizer should respect abbreviations when they are followed by other punctuation" time="0.001">
                                                 
                                               </testcase><testcase classname="edu.washington.rippeth.ling570.proj1.EnglishTokenizerTests" name="An EnglishTokenizer should respect abbreviations when they are not followed by other punctuation" time="0.001">
                                                 
                                               </testcase><testcase classname="edu.washington.rippeth.ling570.proj1.EnglishTokenizerTests" name="An EnglishTokenizer should not respect abbreviations when the set of abbreviations is empty" time="0.001">
                                                 
                                               </testcase><testcase classname="edu.washington.rippeth.ling570.proj1.EnglishTokenizerTests" name="An EnglishTokenizer should handle numbers when they contain a comma" time="0.001">
                                                 
                                               </testcase><testcase classname="edu.washington.rippeth.ling570.proj1.EnglishTokenizerTests" name="An EnglishTokenizer should handle numbers when they do not contain a comma" time="0.001">
                                                 
                                               </testcase><testcase classname="edu.washington.rippeth.ling570.proj1.EnglishTokenizerTests" name="An EnglishTokenizer should handle numbers when they contain a percentage" time="0.001">
                                                 
                                               </testcase><testcase classname="edu.washington.rippeth.ling570.proj1.EnglishTokenizerTests" name="An EnglishTokenizer should handle numbers when they contain a percentage and end with a decimal" time="0.001">
                                                 
                                               </testcase><testcase classname="edu.washington.rippeth.ling570.proj1.EnglishTokenizerTests" name="An EnglishTokenizer should handle numbers when they contain a decimal" time="0.001">
                                                 
                                               </testcase><testcase classname="edu.washington.rippeth.ling570.proj1.EnglishTokenizerTests" name="An EnglishTokenizer should handle numbers when they contain a comma and a decimal" time="0.0">
                                                 
                                               </testcase><testcase classname="edu.washington.rippeth.ling570.proj1.EnglishTokenizerTests" name="An EnglishTokenizer should handle numbers when they contain a negative" time="0.001">
                                                 
                                               </testcase><testcase classname="edu.washington.rippeth.ling570.proj1.EnglishTokenizerTests" name="An EnglishTokenizer should handle numbers when they contain a generation" time="0.002">
                                                 
                                               </testcase><testcase classname="edu.washington.rippeth.ling570.proj1.EnglishTokenizerTests" name="An EnglishTokenizer should handle quotes" time="0.003">
                                                 
                                               </testcase><testcase classname="edu.washington.rippeth.ling570.proj1.EnglishTokenizerTests" name="An EnglishTokenizer should handle double hyphens" time="0.002">
                                                 
                                               </testcase><testcase classname="edu.washington.rippeth.ling570.proj1.EnglishTokenizerTests" name="An EnglishTokenizer should handle apostrophes when they are in plurals" time="0.001">
                                                 
                                               </testcase><testcase classname="edu.washington.rippeth.ling570.proj1.EnglishTokenizerTests" name="An EnglishTokenizer should handle paths when they are absolute unix paths" time="0.001">
                                                 
                                               </testcase><testcase classname="edu.washington.rippeth.ling570.proj1.EnglishTokenizerTests" name="An EnglishTokenizer should handle paths when they are absolute Windows paths with single backslashes" time="0.001">
                                                 
                                               </testcase><testcase classname="edu.washington.rippeth.ling570.proj1.EnglishTokenizerTests" name="An EnglishTokenizer should handle paths when they are absolute Windows paths with double backslashes" time="0.001">
                                                 
                                               </testcase><testcase classname="edu.washington.rippeth.ling570.proj1.EnglishTokenizerTests" name="An EnglishTokenizer should handle emails" time="0.001">
                                                 
                                               </testcase>
                     <system-out></system-out>
                     <system-err></system-err>
                   </testsuite>